<?xml version="1.0" encoding="UTF-8"?>
<testsuite name="org.demo.dao.AccountTest" tests="5" skipped="0" failures="0" errors="0" timestamp="2024-09-01T14:09:04" hostname="Gyusebumpsui-MacBookAir.local" time="0.004">
  <properties/>
  <testcase name="withdrawWithInvalidAmount()" classname="org.demo.dao.AccountTest" time="0.0"/>
  <testcase name="getName()" classname="org.demo.dao.AccountTest" time="0.0"/>
  <testcase name="withdrawWithValidAmount()" classname="org.demo.dao.AccountTest" time="0.0"/>
  <testcase name="getId()" classname="org.demo.dao.AccountTest" time="0.0"/>
  <testcase name="deposit()" classname="org.demo.dao.AccountTest" time="0.0"/>
  <system-out><![CDATA[]]></system-out>
  <system-err><![CDATA[]]></system-err>
</testsuite>
