<?xml version="1.0" encoding="UTF-8"?>
<testsuite name="org.demo.controller.ATMControllerTest" tests="7" skipped="0" failures="0" errors="0" timestamp="2024-09-01T14:09:04" hostname="Gyusebumpsui-MacBookAir.local" time="0.02">
  <properties/>
  <testcase name="getInsertedCard()" classname="org.demo.controller.ATMControllerTest" time="0.013"/>
  <testcase name="withdraw()" classname="org.demo.controller.ATMControllerTest" time="0.0"/>
  <testcase name="getLinkedAccount()" classname="org.demo.controller.ATMControllerTest" time="0.0"/>
  <testcase name="insertCardWithValidPin()" classname="org.demo.controller.ATMControllerTest" time="0.001"/>
  <testcase name="eject()" classname="org.demo.controller.ATMControllerTest" time="0.001"/>
  <testcase name="insertCardWithInvalidPin()" classname="org.demo.controller.ATMControllerTest" time="0.001"/>
  <testcase name="deposit()" classname="org.demo.controller.ATMControllerTest" time="0.0"/>
  <system-out><![CDATA[]]></system-out>
  <system-err><![CDATA[]]></system-err>
</testsuite>
