<?xml version="1.0" encoding="UTF-8"?>
<testsuite name="org.demo.dao.AccountManagerTest" tests="4" skipped="0" failures="0" errors="0" timestamp="2024-09-01T14:09:04" hostname="Gyusebumpsui-MacBookAir.local" time="0.003">
  <properties/>
  <testcase name="getCardByValidCardNumber()" classname="org.demo.dao.AccountManagerTest" time="0.0"/>
  <testcase name="getCardByInvalidCardNumber()" classname="org.demo.dao.AccountManagerTest" time="0.0"/>
  <testcase name="getAccountById()" classname="org.demo.dao.AccountManagerTest" time="0.001"/>
  <testcase name="getCardById()" classname="org.demo.dao.AccountManagerTest" time="0.001"/>
  <system-out><![CDATA[]]></system-out>
  <system-err><![CDATA[]]></system-err>
</testsuite>
